#
# A fatal error has been detected by the Java Runtime Environment:
#
#  EXCEPTION_ACCESS_VIOLATION (0xc0000005) at pc=0x6323c167, pid=6012, tid=3296
#
# JRE version: Java(TM) SE Runtime Environment (8.0_77-b03) (build 1.8.0_77-b03)
# Java VM: Java HotSpot(TM) Client VM (25.77-b03 mixed mode windows-x86 )
# Problematic frame:
# C  [prl_gldd.dll+0x2c167]
#
# Failed to write core dump. Minidumps are not enabled by default on client versions of Windows
#
# If you would like to submit a bug report, please visit:
#   http://bugreport.java.com/bugreport/crash.jsp
# The crash happened outside the Java Virtual Machine in native code.
# See problematic frame for where to report the bug.
#

---------------  T H R E A D  ---------------

Current thread (0x157d6800):  JavaThread "J3D-Renderer-1" [_thread_in_native, id=3296, stack(0x17b30000,0x17b80000)]

siginfo: ExceptionCode=0xc0000005, reading address 0x00000288

Registers:
EAX=0x00000000, EBX=0x176200e8, ECX=0x7f026000, EDX=0x00000000
ESP=0x17b7eea4, EBP=0x17b7eeb8, ESI=0x00000000, EDI=0x157d6800
EIP=0x6323c167, EFLAGS=0x00010283

Top of Stack: (sp=0x17b7eea4)
0x17b7eea4:   176200e8 5e93fc20 157d6800 00000006
0x17b7eeb4:   00000008 17b7eed8 64512664 3f800000
0x17b7eec4:   3f800000 3f800000 3f800000 020ebcf0
0x17b7eed4:   007d6800 17b7ef30 020ebdf3 157d6940
0x17b7eee4:   17b7ef58 3f800000 3f800000 3f800000
0x17b7eef4:   3f800000 6323c150 00000000 020ebc10
0x17b7ef04:   1ae18e48 176200e8 020ebbe6 17b7ef10
0x17b7ef14:   176200e8 17b7ef58 17708018 00000000 

Instructions: (pc=0x6323c167)
0x6323c147:   cc cc cc cc cc cc cc cc cc 8b ff 55 8b ec a1 00
0x6323c157:   e0 24 63 83 ec 10 56 50 ff 15 70 10 21 63 8b f0
0x6323c167:   8b 96 88 02 00 00 81 7c 96 44 03 41 00 01 75 26
0x6323c177:   83 7e 10 10 73 0b 8b 16 8b 42 04 6a 10 8b ce ff 


Register to memory mapping:

EAX=0x00000000 is an unknown value
EBX={method} {0x176200ec} 'dispatch_glColor4f1' '(FFFFJ)V' in 'jogamp/opengl/gl4/GL4bcImpl'
ECX=0x7f026000 is an unknown value
EDX=0x00000000 is an unknown value
ESP=0x17b7eea4 is pointing into the stack for thread: 0x157d6800
EBP=0x17b7eeb8 is pointing into the stack for thread: 0x157d6800
ESI=0x00000000 is an unknown value
EDI=0x157d6800 is a thread


Stack: [0x17b30000,0x17b80000],  sp=0x17b7eea4,  free space=315k
Native frames: (J=compiled Java code, j=interpreted, Vv=VM code, C=native code)
C  [prl_gldd.dll+0x2c167]
C  [jogl_desktop.dll+0x12664]
j  jogamp.opengl.gl4.GL4bcImpl.dispatch_glColor4f1(FFFFJ)V+0
j  jogamp.opengl.gl4.GL4bcImpl.glColor4f(FFFF)V+47
j  javax.media.j3d.JoglPipeline.resetColoringAttributes(Ljavax/media/j3d/Context;FFFFZ)V+28
j  javax.media.j3d.Canvas3D.resetColoringAttributes(Ljavax/media/j3d/Context;FFFFZ)V+12
j  javax.media.j3d.Canvas3D.resetImmediateRendering()V+131
j  javax.media.j3d.Renderer.doWork(J)V+3824
j  javax.media.j3d.J3dThread.run()V+19
v  ~StubRoutines::call_stub
V  [jvm.dll+0x158f95]
V  [jvm.dll+0x21e54e]
V  [jvm.dll+0x15902e]
V  [jvm.dll+0x1591b6]
V  [jvm.dll+0x159227]
V  [jvm.dll+0xfd9ef]
V  [jvm.dll+0x17c34c]
V  [jvm.dll+0x17c43a]
V  [jvm.dll+0x1c0a76]
C  [msvcr100.dll+0x5c556]
C  [msvcr100.dll+0x5c600]
C  [KERNEL32.DLL+0x1dea4]
C  [ntdll.dll+0x500be]
C  [ntdll.dll+0x5008d]
C  0x00000000

Java frames: (J=compiled Java code, j=interpreted, Vv=VM code)
j  jogamp.opengl.gl4.GL4bcImpl.dispatch_glColor4f1(FFFFJ)V+0
j  jogamp.opengl.gl4.GL4bcImpl.glColor4f(FFFF)V+47
j  javax.media.j3d.JoglPipeline.resetColoringAttributes(Ljavax/media/j3d/Context;FFFFZ)V+28
j  javax.media.j3d.Canvas3D.resetColoringAttributes(Ljavax/media/j3d/Context;FFFFZ)V+12
j  javax.media.j3d.Canvas3D.resetImmediateRendering()V+131
j  javax.media.j3d.Renderer.doWork(J)V+3824
j  javax.media.j3d.J3dThread.run()V+19
v  ~StubRoutines::call_stub

---------------  P R O C E S S  ---------------

Java Threads: ( => current thread )
  0x180d4c00 JavaThread "J3D-InputDeviceScheduler-1" [_thread_blocked, id=5404, stack(0x1b0d0000,0x1b120000)]
  0x180d4800 JavaThread "J3D-SoundSchedulerUpdateThread-1" [_thread_blocked, id=5948, stack(0x1b080000,0x1b0d0000)]
  0x180d8000 JavaThread "J3D-RenderStructureUpdateThread-1" [_thread_in_vm, id=5400, stack(0x1b030000,0x1b080000)]
  0x180d6000 JavaThread "J3D-BehaviorScheduler-1" [_thread_blocked, id=2464, stack(0x1afe0000,0x1b030000)]
  0x180d5400 JavaThread "J3D-TransformStructureUpdateThread-1" [_thread_blocked, id=1888, stack(0x1af90000,0x1afe0000)]
  0x180d6800 JavaThread "J3D-RenderingEnvironmentStructureUpdateThread-1" [_thread_blocked, id=5984, stack(0x1af40000,0x1af90000)]
  0x180d3000 JavaThread "J3D-SoundStructureUpdateThread-1" [_thread_blocked, id=920, stack(0x1aef0000,0x1af40000)]
  0x180d8c00 JavaThread "J3D-GeometryStructureUpdateThread-1" [_thread_blocked, id=7520, stack(0x1aea0000,0x1aef0000)]
  0x180d2800 JavaThread "J3D-BehaviorStructureUpdateThread-1" [_thread_blocked, id=7644, stack(0x1ad50000,0x1ada0000)]
  0x157d5000 JavaThread "pool-4-thread-1" [_thread_in_native, id=6360, stack(0x1ad00000,0x1ad50000)]
  0x157d4800 JavaThread "D3D Screen Updater" daemon [_thread_blocked, id=5988, stack(0x19bd0000,0x19c20000)]
  0x157d3c00 JavaThread "TimerQueue" daemon [_thread_blocked, id=2212, stack(0x19900000,0x19950000)]
  0x157d3400 JavaThread "Image Fetcher 3" daemon [_thread_blocked, id=5532, stack(0x19050000,0x190a0000)]
  0x157d7000 JavaThread "Image Fetcher 2" daemon [_thread_blocked, id=6692, stack(0x19000000,0x19050000)]
  0x157d6000 JavaThread "Image Fetcher 1" daemon [_thread_blocked, id=3892, stack(0x18fb0000,0x19000000)]
  0x157d5c00 JavaThread "Image Fetcher 0" daemon [_thread_blocked, id=6556, stack(0x18f60000,0x18fb0000)]
  0x157d5400 JavaThread "DestroyJavaVM" [_thread_blocked, id=3564, stack(0x01150000,0x011a0000)]
  0x157d4400 JavaThread "autoSaveTimer" daemon [_thread_blocked, id=6560, stack(0x18e10000,0x18e60000)]
=>0x157d6800 JavaThread "J3D-Renderer-1" [_thread_in_native, id=3296, stack(0x17b30000,0x17b80000)]
  0x1549fc00 JavaThread "J3D-MasterControl-1" [_thread_blocked, id=5204, stack(0x17ae0000,0x17b30000)]
  0x1549f400 JavaThread "J3D-NotificationThread" [_thread_blocked, id=4900, stack(0x17a90000,0x17ae0000)]
  0x156a3400 JavaThread "J3D-TimerThread" [_thread_blocked, id=3608, stack(0x17a40000,0x17a90000)]
  0x156a2c00 JavaThread "J3D-RenderingAttributesStructureUpdateThread" [_thread_blocked, id=1740, stack(0x179f0000,0x17a40000)]
  0x15443000 JavaThread "main-SharedResourceRunner" daemon [_thread_blocked, id=724, stack(0x17510000,0x17560000)]
  0x1538fc00 JavaThread "AWT-EventQueue-0" [_thread_blocked, id=5548, stack(0x16fc0000,0x17010000)]
  0x1528f000 JavaThread "AWT-Windows" daemon [_thread_in_native, id=7280, stack(0x15d20000,0x15d70000)]
  0x1528e400 JavaThread "AWT-Shutdown" [_thread_blocked, id=6636, stack(0x15cd0000,0x15d20000)]
  0x15255800 JavaThread "Java2D Disposer" daemon [_thread_blocked, id=6884, stack(0x15c80000,0x15cd0000)]
  0x1470cc00 JavaThread "Service Thread" daemon [_thread_blocked, id=1988, stack(0x14ba0000,0x14bf0000)]
  0x146eb800 JavaThread "C1 CompilerThread0" daemon [_thread_blocked, id=6340, stack(0x14b50000,0x14ba0000)]
  0x146ea800 JavaThread "Attach Listener" daemon [_thread_blocked, id=6304, stack(0x14b00000,0x14b50000)]
  0x146e8c00 JavaThread "Signal Dispatcher" daemon [_thread_blocked, id=6300, stack(0x14ab0000,0x14b00000)]
  0x146df000 JavaThread "Finalizer" daemon [_thread_blocked, id=7860, stack(0x14960000,0x149b0000)]
  0x146c9000 JavaThread "Reference Handler" daemon [_thread_blocked, id=1576, stack(0x14910000,0x14960000)]

Other Threads:
  0x146c3400 VMThread [stack: 0x148c0000,0x14910000] [id=1588]
  0x1472a800 WatcherThread [stack: 0x14bf0000,0x14c40000] [id=6876]

VM state:not at safepoint (normal execution)

VM Mutex/Monitor currently owned by a thread: None

Heap:
 def new generation   total 6720K, used 5296K [0x04200000, 0x04940000, 0x09750000)
  eden space 6016K,  76% used [0x04200000, 0x0467c0d8, 0x047e0000)
  from space 704K, 100% used [0x04890000, 0x04940000, 0x04940000)
  to   space 704K,   0% used [0x047e0000, 0x047e0000, 0x04890000)
 tenured generation   total 14748K, used 8870K [0x09750000, 0x0a5b7000, 0x14200000)
   the space 14748K,  60% used [0x09750000, 0x09ff9b78, 0x09ff9c00, 0x0a5b7000)
 Metaspace       used 19019K, capacity 19243K, committed 19456K, reserved 19840K

Card table byte_map: [0x04160000,0x041f0000] byte_map_base: 0x0413f000

Polling page: 0x00f30000

CodeCache: size=32768Kb used=2081Kb max_used=2081Kb free=30686Kb
 bounds [0x020e0000, 0x022f0000, 0x040e0000]
 total_blobs=1488 nmethods=945 adapters=474
 compilation: enabled

Compilation events (10 events):
Event: 4.841 Thread 0x146eb800  943             javax.media.j3d.GeometryArrayRetained::unIndexifyJavaArray (2389 bytes)
Event: 4.844 Thread 0x146eb800 nmethod 943 0x022e1188 code [0x022e15e0, 0x022e3ae8]
Event: 4.847 Thread 0x146eb800  944             sun.awt.SunToolkit::awtLock (7 bytes)
Event: 4.847 Thread 0x146eb800 nmethod 944 0x022e79c8 code [0x022e7ad0, 0x022e7b5c]
Event: 4.847 Thread 0x146eb800  945             sun.java2d.pipe.RenderQueue::lock (4 bytes)
Event: 4.847 Thread 0x146eb800 nmethod 945 0x022e7c08 code [0x022e7d10, 0x022e7dac]
Event: 4.848 Thread 0x146eb800  946             sun.awt.SunToolkit::awtUnlock (7 bytes)
Event: 4.848 Thread 0x146eb800 nmethod 946 0x022e7e48 code [0x022e7f50, 0x022e7fec]
Event: 4.848 Thread 0x146eb800  947             sun.java2d.pipe.RenderQueue::unlock (4 bytes)
Event: 4.848 Thread 0x146eb800 nmethod 947 0x022e80c8 code [0x022e81d0, 0x022e827c]

GC Heap History (10 events):
Event: 3.979 GC heap before
{Heap before GC invocations=31 (full 2):
 def new generation   total 5504K, used 5331K [0x04200000, 0x047f0000, 0x09750000)
  eden space 4928K, 100% used [0x04200000, 0x046d0000, 0x046d0000)
  from space 576K,  70% used [0x046d0000, 0x04734e08, 0x04760000)
  to   space 576K,   0% used [0x04760000, 0x04760000, 0x047f0000)
 tenured generation   total 12028K, used 6773K [0x09750000, 0x0a30f000, 0x14200000)
   the space 12028K,  56% used [0x09750000, 0x09ded630, 0x09ded800, 0x0a30f000)
 Metaspace       used 16465K, capacity 16673K, committed 16768K, reserved 16768K
Event: 3.983 GC heap after
Heap after GC invocations=32 (full 2):
 def new generation   total 5504K, used 576K [0x04200000, 0x047f0000, 0x09750000)
  eden space 4928K,   0% used [0x04200000, 0x04200000, 0x046d0000)
  from space 576K, 100% used [0x04760000, 0x047f0000, 0x047f0000)
  to   space 576K,   0% used [0x046d0000, 0x046d0000, 0x04760000)
 tenured generation   total 12028K, used 7630K [0x09750000, 0x0a30f000, 0x14200000)
   the space 12028K,  63% used [0x09750000, 0x09ec3a40, 0x09ec3c00, 0x0a30f000)
 Metaspace       used 16465K, capacity 16673K, committed 16768K, reserved 16768K
}
Event: 4.297 GC heap before
{Heap before GC invocations=32 (full 2):
 def new generation   total 5504K, used 5503K [0x04200000, 0x047f0000, 0x09750000)
  eden space 4928K,  99% used [0x04200000, 0x046cff28, 0x046d0000)
  from space 576K, 100% used [0x04760000, 0x047f0000, 0x047f0000)
  to   space 576K,   0% used [0x046d0000, 0x046d0000, 0x04760000)
 tenured generation   total 12028K, used 7630K [0x09750000, 0x0a30f000, 0x14200000)
   the space 12028K,  63% used [0x09750000, 0x09ec3a40, 0x09ec3c00, 0x0a30f000)
 Metaspace       used 17200K, capacity 17411K, committed 17536K, reserved 17792K
Event: 4.302 GC heap after
Heap after GC invocations=33 (full 2):
 def new generation   total 5504K, used 576K [0x04200000, 0x047f0000, 0x09750000)
  eden space 4928K,   0% used [0x04200000, 0x04200000, 0x046d0000)
  from space 576K, 100% used [0x046d0000, 0x04760000, 0x04760000)
  to   space 576K,   0% used [0x04760000, 0x04760000, 0x047f0000)
 tenured generation   total 12028K, used 8685K [0x09750000, 0x0a30f000, 0x14200000)
   the space 12028K,  72% used [0x09750000, 0x09fcb7d0, 0x09fcb800, 0x0a30f000)
 Metaspace       used 17200K, capacity 17411K, committed 17536K, reserved 17792K
}
Event: 4.435 GC heap before
{Heap before GC invocations=33 (full 2):
 def new generation   total 5504K, used 5504K [0x04200000, 0x047f0000, 0x09750000)
  eden space 4928K, 100% used [0x04200000, 0x046d0000, 0x046d0000)
  from space 576K, 100% used [0x046d0000, 0x04760000, 0x04760000)
  to   space 576K,   0% used [0x04760000, 0x04760000, 0x047f0000)
 tenured generation   total 12028K, used 8685K [0x09750000, 0x0a30f000, 0x14200000)
   the space 12028K,  72% used [0x09750000, 0x09fcb7d0, 0x09fcb800, 0x0a30f000)
 Metaspace       used 18039K, capacity 18275K, committed 18432K, reserved 18816K
Event: 4.439 GC heap after
Heap after GC invocations=34 (full 2):
 def new generation   total 5504K, used 576K [0x04200000, 0x047f0000, 0x09750000)
  eden space 4928K,   0% used [0x04200000, 0x04200000, 0x046d0000)
  from space 576K, 100% used [0x04760000, 0x047f0000, 0x047f0000)
  to   space 576K,   0% used [0x046d0000, 0x046d0000, 0x04760000)
 tenured generation   total 12028K, used 9746K [0x09750000, 0x0a30f000, 0x14200000)
   the space 12028K,  81% used [0x09750000, 0x0a0d4920, 0x0a0d4a00, 0x0a30f000)
 Metaspace       used 18039K, capacity 18275K, committed 18432K, reserved 18816K
}
Event: 4.597 GC heap before
{Heap before GC invocations=34 (full 2):
 def new generation   total 5504K, used 2883K [0x04200000, 0x047f0000, 0x09750000)
  eden space 4928K,  46% used [0x04200000, 0x04440de8, 0x046d0000)
  from space 576K, 100% used [0x04760000, 0x047f0000, 0x047f0000)
  to   space 576K,   0% used [0x046d0000, 0x046d0000, 0x04760000)
 tenured generation   total 12028K, used 9746K [0x09750000, 0x0a30f000, 0x14200000)
   the space 12028K,  81% used [0x09750000, 0x0a0d4920, 0x0a0d4a00, 0x0a30f000)
 Metaspace       used 18156K, capacity 18371K, committed 18560K, reserved 18816K
Event: 4.625 GC heap after
Heap after GC invocations=35 (full 3):
 def new generation   total 6720K, used 0K [0x04200000, 0x04940000, 0x09750000)
  eden space 6016K,   0% used [0x04200000, 0x04200000, 0x047e0000)
  from space 704K,   0% used [0x047e0000, 0x047e0000, 0x04890000)
  to   space 704K,   0% used [0x04890000, 0x04890000, 0x04940000)
 tenured generation   total 14748K, used 8847K [0x09750000, 0x0a5b7000, 0x14200000)
   the space 14748K,  59% used [0x09750000, 0x09ff3fc0, 0x09ff4000, 0x0a5b7000)
 Metaspace       used 18156K, capacity 18371K, committed 18560K, reserved 18816K
}
Event: 4.729 GC heap before
{Heap before GC invocations=35 (full 3):
 def new generation   total 6720K, used 6016K [0x04200000, 0x04940000, 0x09750000)
  eden space 6016K, 100% used [0x04200000, 0x047e0000, 0x047e0000)
  from space 704K,   0% used [0x047e0000, 0x047e0000, 0x04890000)
  to   space 704K,   0% used [0x04890000, 0x04890000, 0x04940000)
 tenured generation   total 14748K, used 8847K [0x09750000, 0x0a5b7000, 0x14200000)
   the space 14748K,  59% used [0x09750000, 0x09ff3fc0, 0x09ff4000, 0x0a5b7000)
 Metaspace       used 18159K, capacity 18379K, committed 18560K, reserved 18816K
Event: 4.733 GC heap after
Heap after GC invocations=36 (full 3):
 def new generation   total 6720K, used 704K [0x04200000, 0x04940000, 0x09750000)
  eden space 6016K,   0% used [0x04200000, 0x04200000, 0x047e0000)
  from space 704K, 100% used [0x04890000, 0x04940000, 0x04940000)
  to   space 704K,   0% used [0x047e0000, 0x047e0000, 0x04890000)
 tenured generation   total 14748K, used 8870K [0x09750000, 0x0a5b7000, 0x14200000)
   the space 14748K,  60% used [0x09750000, 0x09ff9b78, 0x09ff9c00, 0x0a5b7000)
 Metaspace       used 18159K, capacity 18379K, committed 18560K, reserved 18816K
}

Deoptimization events (0 events):
No events

Internal exceptions (10 events):
Event: 0.228 Thread 0x01fe3400 Exception <a 'java/security/PrivilegedActionException'> (0x043ca5d8) thrown at [C:\workspace\8-2-build-windows-i586-cygwin\jdk8u77\6540\hotspot\src\share\vm\prims\jvm.cpp, line 1386]
Event: 0.246 Thread 0x01fe3400 Exception <a 'java/security/PrivilegedActionException'> (0x0447b130) thrown at [C:\workspace\8-2-build-windows-i586-cygwin\jdk8u77\6540\hotspot\src\share\vm\prims\jvm.cpp, line 1386]
Event: 0.246 Thread 0x01fe3400 Exception <a 'java/security/PrivilegedActionException'> (0x0447b330) thrown at [C:\workspace\8-2-build-windows-i586-cygwin\jdk8u77\6540\hotspot\src\share\vm\prims\jvm.cpp, line 1386]
Event: 0.246 Thread 0x01fe3400 Exception <a 'java/security/PrivilegedActionException'> (0x0447ea78) thrown at [C:\workspace\8-2-build-windows-i586-cygwin\jdk8u77\6540\hotspot\src\share\vm\prims\jvm.cpp, line 1386]
Event: 0.246 Thread 0x01fe3400 Exception <a 'java/security/PrivilegedActionException'> (0x0447ec78) thrown at [C:\workspace\8-2-build-windows-i586-cygwin\jdk8u77\6540\hotspot\src\share\vm\prims\jvm.cpp, line 1386]
Event: 0.364 Thread 0x01fe3400 Exception <a 'java/lang/NoSuchFieldError': method resolution failed> (0x04430f70) thrown at [C:\workspace\8-2-build-windows-i586-cygwin\jdk8u77\6540\hotspot\src\share\vm\prims\methodHandles.cpp, line 1146]
Event: 0.365 Thread 0x01fe3400 Exception <a 'java/lang/NoSuchFieldError': method resolution failed> (0x0443d0c8) thrown at [C:\workspace\8-2-build-windows-i586-cygwin\jdk8u77\6540\hotspot\src\share\vm\prims\methodHandles.cpp, line 1146]
Event: 0.414 Thread 0x01fe3400 Exception <a 'java/io/FileNotFoundException'> (0x044af120) thrown at [C:\workspace\8-2-build-windows-i586-cygwin\jdk8u77\6540\hotspot\src\share\vm\prims\jni.cpp, line 709]
Event: 0.434 Thread 0x01fe3400 Exception <a 'java/io/FileNotFoundException'> (0x044c0378) thrown at [C:\workspace\8-2-build-windows-i586-cygwin\jdk8u77\6540\hotspot\src\share\vm\prims\jni.cpp, line 709]
Event: 3.095 Thread 0x01fe3400 Exception <a 'java/io/FileNotFoundException'> (0x044979e0) thrown at [C:\workspace\8-2-build-windows-i586-cygwin\jdk8u77\6540\hotspot\src\share\vm\prims\jni.cpp, line 709]

Events (10 events):
Event: 4.855 Executing VM operation: RevokeBias
Event: 4.855 Executing VM operation: RevokeBias done
Event: 4.856 loading class javax/media/j3d/RenderAtomListInfo
Event: 4.856 loading class javax/media/j3d/RenderAtomListInfo done
Event: 4.857 loading class javax/media/j3d/LightBin
Event: 4.857 loading class javax/media/j3d/LightBin done
Event: 4.859 loading class javax/media/j3d/JoglContext
Event: 4.859 loading class javax/media/j3d/JoglContext done
Event: 4.860 loading class java/util/regex/Pattern$Dot
Event: 4.860 loading class java/util/regex/Pattern$Dot done


Dynamic libraries:
0x001e0000 - 0x00213000 	C:\Program Files\Java\jre1.8.0_77\bin\javaw.exe
0x77670000 - 0x777ea000 	C:\WINDOWS\SYSTEM32\ntdll.dll
0x77470000 - 0x77505000 	C:\WINDOWS\system32\KERNEL32.DLL
0x74e10000 - 0x74f87000 	C:\WINDOWS\system32\KERNELBASE.dll
0x76b20000 - 0x76b9b000 	C:\WINDOWS\system32\ADVAPI32.dll
0x77200000 - 0x772be000 	C:\WINDOWS\system32\msvcrt.dll
0x77020000 - 0x77063000 	C:\WINDOWS\system32\sechost.dll
0x770d0000 - 0x77192000 	C:\WINDOWS\system32\RPCRT4.dll
0x766f0000 - 0x76824000 	C:\WINDOWS\system32\USER32.dll
0x76830000 - 0x76985000 	C:\WINDOWS\system32\GDI32.dll
0x688a0000 - 0x68aa9000 	C:\WINDOWS\WinSxS\x86_microsoft.windows.common-controls_6595b64144ccf1df_6.0.10240.16384_none_3bccb1ff6bcd1849\COMCTL32.dll
0x77640000 - 0x7766f000 	C:\WINDOWS\system32\IMM32.DLL
0x769f0000 - 0x76b10000 	C:\WINDOWS\system32\MSCTF.dll
0x638a0000 - 0x6395f000 	C:\Program Files\Java\jre1.8.0_77\bin\msvcr100.dll
0x5e8c0000 - 0x5ec88000 	C:\Program Files\Java\jre1.8.0_77\bin\client\jvm.dll
0x76b10000 - 0x76b16000 	C:\WINDOWS\system32\PSAPI.DLL
0x6d810000 - 0x6d818000 	C:\WINDOWS\SYSTEM32\WSOCK32.dll
0x76990000 - 0x769ec000 	C:\WINDOWS\system32\WS2_32.dll
0x75110000 - 0x75117000 	C:\WINDOWS\system32\NSI.dll
0x732e0000 - 0x73304000 	C:\WINDOWS\SYSTEM32\WINMM.dll
0x6d100000 - 0x6d108000 	C:\WINDOWS\SYSTEM32\VERSION.dll
0x731b0000 - 0x731d3000 	C:\WINDOWS\SYSTEM32\WINMMBASE.dll
0x74dd0000 - 0x74e06000 	C:\WINDOWS\system32\cfgmgr32.dll
0x734f0000 - 0x73511000 	C:\WINDOWS\SYSTEM32\DEVOBJ.dll
0x6d110000 - 0x6d11c000 	C:\Program Files\Java\jre1.8.0_77\bin\verify.dll
0x63a30000 - 0x63a51000 	C:\Program Files\Java\jre1.8.0_77\bin\java.dll
0x63880000 - 0x63893000 	C:\Program Files\Java\jre1.8.0_77\bin\zip.dll
0x752f0000 - 0x766e7000 	C:\WINDOWS\system32\SHELL32.dll
0x74800000 - 0x74cdc000 	C:\WINDOWS\system32\windows.storage.dll
0x76e60000 - 0x7701a000 	C:\WINDOWS\system32\combase.dll
0x76c90000 - 0x76cd4000 	C:\WINDOWS\system32\shlwapi.dll
0x747e0000 - 0x747ec000 	C:\WINDOWS\system32\kernel.appcore.dll
0x775b0000 - 0x7763d000 	C:\WINDOWS\system32\shcore.dll
0x74780000 - 0x747c4000 	C:\WINDOWS\system32\powrprof.dll
0x747d0000 - 0x747df000 	C:\WINDOWS\system32\profapi.dll
0x77510000 - 0x775a2000 	C:\WINDOWS\system32\OLEAUT32.dll
0x73f60000 - 0x73f73000 	C:\WINDOWS\SYSTEM32\CRYPTSP.dll
0x746f0000 - 0x7470d000 	C:\WINDOWS\SYSTEM32\bcrypt.dll
0x73ec0000 - 0x73eef000 	C:\WINDOWS\system32\rsaenh.dll
0x73fb0000 - 0x73fc9000 	C:\WINDOWS\SYSTEM32\USERENV.dll
0x745a0000 - 0x745f9000 	C:\WINDOWS\system32\bcryptprimitives.dll
0x742f0000 - 0x742fa000 	C:\WINDOWS\SYSTEM32\CRYPTBASE.dll
0x63860000 - 0x63876000 	C:\Program Files\Java\jre1.8.0_77\bin\net.dll
0x74110000 - 0x74160000 	C:\WINDOWS\system32\mswsock.dll
0x72590000 - 0x725c0000 	C:\WINDOWS\SYSTEM32\IPHLPAPI.DLL
0x72550000 - 0x72558000 	C:\WINDOWS\SYSTEM32\WINNSI.DLL
0x70540000 - 0x70553000 	C:\WINDOWS\SYSTEM32\dhcpcsvc6.DLL
0x70520000 - 0x70534000 	C:\WINDOWS\SYSTEM32\dhcpcsvc.DLL
0x6b9f0000 - 0x6b9ff000 	C:\Program Files\Java\jre1.8.0_77\bin\nio.dll
0x5e4e0000 - 0x5e625000 	C:\Program Files\Java\jre1.8.0_77\bin\awt.dll
0x733c0000 - 0x73451000 	C:\WINDOWS\system32\apphelp.dll
0x72b90000 - 0x72bad000 	C:\WINDOWS\system32\DWMAPI.DLL
0x73470000 - 0x734e9000 	C:\WINDOWS\system32\uxtheme.dll
0x76ba0000 - 0x76c8a000 	C:\WINDOWS\system32\ole32.dll
0x5b1d0000 - 0x5b39c000 	C:\WINDOWS\system32\d3d9.dll
0x63840000 - 0x6385f000 	C:\WINDOWS\SYSTEM32\prl_umdd.dll
0x637c0000 - 0x637cb000 	C:\Users\Gildo\AppData\Local\Temp\jogamp_0000\file_cache\jln7001177101271974262\jln7674196223763476218\natives\windows-i586\gluegen-rt.dll
0x63a80000 - 0x63a86000 	C:\Program Files\Java\jre1.8.0_77\bin\jawt.dll
0x6a440000 - 0x6a44b000 	C:\Users\Gildo\AppData\Local\Temp\jogamp_0000\file_cache\jln7001177101271974262\jln7674196223763476218\natives\windows-i586\nativewindow_awt.dll
0x6c100000 - 0x6c10d000 	C:\Users\Gildo\AppData\Local\Temp\jogamp_0000\file_cache\jln7001177101271974262\jln7674196223763476218\natives\windows-i586\nativewindow_win32.dll
0x60990000 - 0x60a70000 	C:\WINDOWS\SYSTEM32\OpenGL32.dll
0x63810000 - 0x63835000 	C:\WINDOWS\SYSTEM32\GLU32.dll
0x5df20000 - 0x5e00b000 	C:\WINDOWS\SYSTEM32\DDRAW.dll
0x63800000 - 0x63807000 	C:\WINDOWS\SYSTEM32\DCIMAN32.dll
0x64500000 - 0x645a1000 	C:\Users\Gildo\AppData\Local\Temp\jogamp_0000\file_cache\jln7001177101271974262\jln7674196223763476218\natives\windows-i586\jogl_desktop.dll
0x64340000 - 0x6439a000 	C:\Users\Gildo\AppData\Local\Temp\jogamp_0000\file_cache\jln7001177101271974262\jln7674196223763476218\natives\windows-i586\jogl_mobile.dll
0x63210000 - 0x63253000 	C:\WINDOWS\SYSTEM32\prl_gldd.dll
0x17b80000 - 0x17bb9000 	C:\Program Files\Java\jre1.8.0_77\bin\fontmanager.dll
0x62d80000 - 0x62da4000 	C:\Program Files\Java\jre1.8.0_77\bin\dcpr.dll
0x628a0000 - 0x62932000 	C:\WINDOWS\WinSxS\x86_microsoft.windows.common-controls_6595b64144ccf1df_5.82.10240.16384_none_49c02355cf03478c\comctl32.dll
0x62870000 - 0x628a0000 	C:\Program Files\Java\jre1.8.0_77\bin\t2k.dll
0x76dc0000 - 0x76e42000 	C:\WINDOWS\system32\clbcatq.dll
0x72750000 - 0x728c1000 	C:\WINDOWS\SYSTEM32\WindowsCodecs.dll
0x6b3e0000 - 0x6b41f000 	C:\WINDOWS\system32\dataexchange.dll
0x6f560000 - 0x6f9e8000 	C:\WINDOWS\system32\d2d1.dll
0x72970000 - 0x72b83000 	C:\WINDOWS\system32\d3d11.dll
0x72f20000 - 0x72fc8000 	C:\WINDOWS\system32\dcomp.dll
0x728f0000 - 0x7296e000 	C:\WINDOWS\system32\dxgi.dll
0x73540000 - 0x735fc000 	C:\WINDOWS\system32\twinapi.appcore.dll
0x73e00000 - 0x73e84000 	C:\WINDOWS\SYSTEM32\DNSAPI.dll
0x6f2b0000 - 0x6f2b8000 	C:\Windows\System32\rasadhlp.dll
0x71f80000 - 0x720bf000 	C:\WINDOWS\SYSTEM32\dbghelp.dll

VM Arguments:
jvm_args: -Dfile.encoding=UTF-8 
java_command: com.massisframework.massis.dasi.EnvironmentEditor
java_class_path (initial): C:\Users\Gildo\git\massis-drools__windows\massis-dasi\target\classes;C:\Users\Gildo\.m2\repository\xerces\xercesImpl\2.11.0\xercesImpl-2.11.0.jar;C:\Users\Gildo\.m2\repository\xml-apis\xml-apis\1.4.01\xml-apis-1.4.01.jar;C:\Users\Gildo\.m2\repository\com\massisframework\massis\massis-core\1.2.22\massis-core-1.2.22.jar;C:\Users\Gildo\.m2\repository\com\massisframework\massis\massis-utils\1.2.22\massis-utils-1.2.22.jar;C:\Users\Gildo\.m2\repository\net\sourceforge\collections\collections-generic\4.01\collections-generic-4.01.jar;C:\Users\Gildo\.m2\repository\com\massisframework\straightedge\0.8\straightedge-0.8.jar;C:\Users\Gildo\.m2\repository\com\vividsolutions\jts\1.11\jts-1.11.jar;C:\Users\Gildo\.m2\repository\math\geom2d\javaGeom\0.11.1\javaGeom-0.11.1.jar;C:\Users\Gildo\.m2\repository\org\openjdk\jmh\jmh-core\1.11\jmh-core-1.11.jar;C:\Users\Gildo\.m2\repository\net\sf\jopt-simple\jopt-simple\4.6\jopt-simple-4.6.jar;C:\Users\Gildo\.m2\repository\com\massisframework\sweethome3d\5.1.7\sweethome3d-5.1.7.jar;C:\Users\Gildo\.m2\repository\org\jvnet\hudson\netx\0.5-hudson-2\netx-0.5-hudson-2.jar;C:\Users\Gildo\.m2\repository\org\scijava\j3dcore\1.6.0-scijava-1\j3dcore-1.6.0-scijava-1.jar;C:\Users\Gildo\.m2\repository\org\scijava\vecmath\1.6.0-scijava-1\vecmath-1.6.0-scijava-1.jar;C:\Users\Gildo\.m2\repository\org\scijava\j3dutils\1.6.0-scijava-1\j3dutils-1.6.0-scijava-1.jar;C:\Users\Gildo\.m2\repository\com\yuvimasory\orange-extensions\1.3.0\orange-extensions-1.3.0.jar;C:\Users\Gildo\.m2\repository\org\freehep\freehep-graphicsio-svg\2.1.2\freehep-graphicsio-svg-2.1.2.jar;C:\Users\Gildo\.m2\repository\org\freehep\freehep-graphics2d\2.1.2\freehep-graphics2d-2.1.2.jar;C:\Users\Gildo\.m2\repository\junit\junit\3.8.2\junit-3.8.2.jar;C:\Users\Gildo\.m2\repository\org\freehep\freehep-graphicsio\2.1.2\freehep-graphicsio-2.1.2.jar;C:\Users\Gildo\.m2\repository\org\freehep\freehep-io\2.0.4\freehep-io-2.0.4.jar;C:\Users\Gildo\.m2\repository\org\freehe
Launcher Type: SUN_STANDARD

Environment Variables:
PATH=C:/Program Files/Java/jdk1.7.0_79/bin/../jre/bin/client;C:/Program Files/Java/jdk1.7.0_79/bin/../jre/bin;C:/Program Files/Java/jdk1.7.0_79/bin/../jre/lib/i386;C:\ProgramData\Oracle\Java\javapath;C:\Program Files\Parallels\Parallels Tools\Applications;C:\WINDOWS\system32;C:\WINDOWS;C:\WINDOWS\System32\Wbem;C:\WINDOWS\System32\WindowsPowerShell\v1.0\;C:\Users\Gildo\Desktop\SGI\GL\bin\;C:\Program Files\Microsoft\Web Platform Installer\;C:\Program Files\Microsoft ASP.NET\ASP.NET Web Pages\v1.0\;C:\Program Files\Windows Kits\8.0\Windows Performance Toolkit\;C:\Program Files\Microsoft SQL Server\110\Tools\Binn\;C:\questasim_10.2c\win32;C:\Users\Gildo\Desktop;
USERNAME=Gildo
OS=Windows_NT
PROCESSOR_IDENTIFIER=x86 Family 6 Model 69 Stepping 1, GenuineIntel



---------------  S Y S T E M  ---------------

OS: Windows 10.0 Build 10240 (10.0.10240.16384)

CPU:total 1 (1 cores per cpu, 1 threads per core) family 6 model 69 stepping 1, cmov, cx8, fxsr, mmx, sse, sse2, sse3, ssse3, sse4.1, sse4.2, popcnt, avx, avx2, aes, clmul, erms, lzcnt, tsc, bmi1, bmi2

Memory: 4k page, physical 2883104k(1230108k free), swap 3407392k(1749756k free)

vm_info: Java HotSpot(TM) Client VM (25.77-b03) for windows-x86 JRE (1.8.0_77-b03), built on Mar 20 2016 22:00:03 by "java_re" with MS VC++ 10.0 (VS2010)

time: Tue Apr 19 19:30:42 2016
elapsed time: 4 seconds (0d 0h 0m 4s)

